READER  [146493:289]:cpu  660094 10004 739420 115365613 14536 0 170800 0 0 0
READER  [146493:490]:cpu  660100 10004 739422 115365759 14536 0 170802 0 0 0
READER  [146493:690]:cpu  660100 10004 739424 115365915 14536 0 170802 0 0 0
ANALYZER[146493:711]:cpu  3.82 %
READER  [146493:890]:cpu  660104 10004 739427 115366065 14536 0 170803 0 0 0
READER  [146494:090]:cpu  660136 10004 739434 115366186 14536 0 170805 0 0 0
ANALYZER[146494:211]:cpu  9.62 %
READER  [146494:290]:cpu  660142 10004 739436 115366335 14536 0 170805 0 0 0
READER  [146494:491]:cpu  660149 10004 739444 115366476 14536 0 170808 0 0 0
READER  [146494:691]:cpu  660159 10004 739452 115366617 14536 0 170810 0 0 0
ANALYZER[146494:712]:cpu  13.62 %
READER  [146494:892]:cpu  660166 10004 739456 115366762 14536 0 170810 0 0 0
READER  [146495:092]:cpu  660172 10004 739462 115366908 14536 0 170812 0 0 0
ANALYZER[146495:212]:cpu  9.91 %
READER  [146495:293]:cpu  660180 10006 739469 115367046 14538 0 170812 0 0 0
READER  [146495:493]:cpu  660180 10007 739471 115367197 14543 0 170812 0 0 0
READER  [146495:693]:cpu  660182 10007 739472 115367354 14543 0 170812 0 0 0
ANALYZER[146495:712]:cpu  5.82 %
READER  [146495:894]:cpu  660183 10007 739472 115367512 14543 0 170812 0 0 0
READER  [146496:094]:cpu  660184 10007 739472 115367671 14543 0 170812 0 0 0
ANALYZER[146496:212]:cpu  1.25 %
READER  [146496:294]:cpu  660190 10007 739474 115367825 14543 0 170812 0 0 0
READER  [146496:494]:cpu  660191 10007 739477 115367979 14543 0 170812 0 0 0
READER  [146496:695]:cpu  660194 10007 739480 115368134 14543 0 170812 0 0 0
ANALYZER[146496:713]:cpu  2.96 %
READER  [146496:895]:cpu  660194 10007 739482 115368292 14543 0 170812 0 0 0
READER  [146497:096]:cpu  660195 10007 739482 115368449 14543 0 170813 0 0 0
ANALYZER[146497:213]:cpu  2.19 %
READER  [146497:296]:cpu  660203 10007 739485 115368601 14543 0 170813 0 0 0
READER  [146497:496]:cpu  660205 10007 739488 115368754 14543 0 170814 0 0 0
READER  [146497:697]:cpu  660206 10007 739490 115368910 14543 0 170814 0 0 0
ANALYZER[146497:713]:cpu  3.44 %
READER  [146497:897]:cpu  660206 10007 739490 115369069 14543 0 170814 0 0 0
READER  [146498:098]:cpu  660207 10007 739490 115369228 14543 0 170814 0 0 0
ANALYZER[146498:213]:cpu  1.57 %
READER  [146498:298]:cpu  660208 10007 739494 115369382 14543 0 170815 0 0 0
READER  [146498:499]:cpu  660209 10007 739495 115369540 14543 0 170815 0 0 0
READER  [146498:699]:cpu  660209 10007 739495 115369700 14543 0 170815 0 0 0
ANALYZER[146498:713]:cpu  1.41 %
READER  [146498:899]:cpu  660209 10007 739495 115369860 14543 0 170815 0 0 0
READER  [146499:100]:cpu  660210 10007 739495 115370018 14543 0 170816 0 0 0
ANALYZER[146499:213]:cpu  0.62 %
READER  [146499:300]:cpu  660215 10007 739498 115370170 14543 0 170817 0 0 0
READER  [146499:501]:cpu  660218 10007 739500 115370325 14543 0 170817 0 0 0
READER  [146499:701]:cpu  660218 10007 739501 115370484 14543 0 170817 0 0 0
ANALYZER[146499:714]:cpu  2.65 %
READER  [146499:902]:cpu  660219 10007 739501 115370643 14543 0 170817 0 0 0
READER  [146500:102]:cpu  660220 10007 739502 115370800 14543 0 170818 0 0 0
ANALYZER[146500:214]:cpu  1.56 %
READER  [146500:303]:cpu  660226 10007 739507 115370951 14543 0 170818 0 0 0
READER  [146500:503]:cpu  660227 10007 739507 115371109 14543 0 170818 0 0 0
READER  [146500:704]:cpu  660228 10007 739508 115371268 14543 0 170818 0 0 0
ANALYZER[146500:714]:cpu  2.65 %
READER  [146500:904]:cpu  660228 10007 739508 115371427 14543 0 170818 0 0 0
READER  [146501:105]:cpu  660229 10007 739508 115371586 14543 0 170818 0 0 0
ANALYZER[146501:214]:cpu  0.63 %
READER  [146501:305]:cpu  660229 10007 739510 115371741 14543 0 170820 0 0 0
READER  [146501:505]:cpu  660230 10007 739512 115371897 14543 0 170820 0 0 0
READER  [146501:705]:cpu  660233 10007 739514 115372052 14543 0 170820 0 0 0
ANALYZER[146501:714]:cpu  2.04 %
READER  [146501:906]:cpu  660234 10007 739514 115372211 14543 0 170820 0 0 0
READER  [146502:106]:cpu  660236 10007 739514 115372369 14543 0 170820 0 0 0
ANALYZER[146502:214]:cpu  1.72 %
READER  [146502:306]:cpu  660239 10007 739518 115372520 14543 0 170820 0 0 0
READER  [146502:507]:cpu  660240 10007 739518 115372680 14543 0 170821 0 0 0
READER  [146502:707]:cpu  660240 10007 739519 115372838 14543 0 170821 0 0 0
ANALYZER[146502:715]:cpu  1.88 %
READER  [146502:908]:cpu  660240 10007 739519 115372998 14543 0 170821 0 0 0
READER  [146503:108]:cpu  660241 10007 739519 115373156 14543 0 170821 0 0 0
ANALYZER[146503:215]:cpu  0.62 %
READER  [146503:309]:cpu  660245 10007 739524 115373307 14543 0 170822 0 0 0
READER  [146503:509]:cpu  660246 10007 739527 115373460 14543 0 170824 0 0 0
READER  [146503:710]:cpu  660247 10007 739528 115373618 14543 0 170824 0 0 0
ANALYZER[146503:715]:cpu  2.97 %
READER  [146503:910]:cpu  660247 10007 739529 115373775 14543 0 170824 0 0 0
READER  [146504:110]:cpu  660250 10007 739532 115373930 14543 0 170826 0 0 0
ANALYZER[146504:215]:cpu  2.66 %
READER  [146504:311]:cpu  660250 10007 739536 115374082 14543 0 170827 0 0 0
READER  [146504:511]:cpu  660251 10007 739539 115374239 14543 0 170828 0 0 0
READER  [146504:712]:cpu  660251 10007 739540 115374397 14543 0 170828 0 0 0
ANALYZER[146504:715]:cpu  2.96 %
READER  [146504:912]:cpu  660252 10007 739540 115374555 14543 0 170828 0 0 0
READER  [146505:113]:cpu  660253 10007 739541 115374714 14543 0 170828 0 0 0
ANALYZER[146505:215]:cpu  1.40 %
READER  [146505:313]:cpu  660255 10007 739545 115374865 14543 0 170829 0 0 0
READER  [146505:514]:cpu  660255 10007 739546 115375024 14543 0 170830 0 0 0
READER  [146505:714]:cpu  660255 10007 739546 115375184 14543 0 170830 0 0 0
ANALYZER[146505:716]:cpu  1.72 %
READER  [146505:915]:cpu  660255 10007 739546 115375343 14543 0 170830 0 0 0
READER  [146506:115]:cpu  660256 10007 739548 115375501 14543 0 170831 0 0 0
ANALYZER[146506:216]:cpu  0.93 %
READER  [146506:315]:cpu  660260 10007 739552 115375650 14543 0 170832 0 0 0
READER  [146506:516]:cpu  660260 10007 739552 115375809 14543 0 170832 0 0 0
ANALYZER[146506:716]:cpu  2.71 %
READER  [146506:716]:cpu  660260 10007 739554 115375966 14543 0 170833 0 0 0
READER  [146506:917]:cpu  660260 10007 739554 115376126 14543 0 170833 0 0 0
READER  [146507:117]:cpu  660262 10007 739554 115376284 14543 0 170833 0 0 0
ANALYZER[146507:216]:cpu  0.78 %
READER  [146507:318]:cpu  660265 10007 739560 115376433 14543 0 170834 0 0 0
READER  [146507:518]:cpu  660266 10007 739560 115376592 14543 0 170834 0 0 0
ANALYZER[146507:716]:cpu  2.03 %
READER  [146507:719]:cpu  660266 10007 739562 115376751 14543 0 170834 0 0 0
READER  [146507:919]:cpu  660266 10007 739562 115376910 14543 0 170834 0 0 0
READER  [146508:120]:cpu  660268 10007 739562 115377069 14543 0 170834 0 0 0
ANALYZER[146508:216]:cpu  0.78 %
READER  [146508:320]:cpu  660274 10007 739563 115377221 14543 0 170834 0 0 0
READER  [146508:521]:cpu  660274 10007 739563 115377381 14543 0 170834 0 0 0
ANALYZER[146508:717]:cpu  1.41 %
READER  [146508:721]:cpu  660274 10007 739563 115377540 14543 0 170834 0 0 0
READER  [146508:921]:cpu  660274 10007 739564 115377700 14543 0 170834 0 0 0
READER  [146509:122]:cpu  660276 10007 739564 115377857 14543 0 170834 0 0 0
ANALYZER[146509:217]:cpu  0.47 %
READER  [146509:322]:cpu  660288 10007 739567 115378006 14543 0 170834 0 0 0
READER  [146509:523]:cpu  660288 10007 739567 115378166 14543 0 170834 0 0 0
ANALYZER[146509:717]:cpu  2.80 %
READER  [146509:723]:cpu  660288 10007 739568 115378325 14543 0 170834 0 0 0
READER  [146509:924]:cpu  660288 10007 739568 115378484 14543 0 170834 0 0 0
READER  [146510:124]:cpu  660290 10007 739569 115378643 14543 0 170834 0 0 0
ANALYZER[146510:217]:cpu  0.62 %
READER  [146510:325]:cpu  660292 10007 739573 115378793 14543 0 170834 0 0 0
READER  [146510:525]:cpu  660292 10007 739575 115378952 14543 0 170834 0 0 0
ANALYZER[146510:717]:cpu  1.72 %
READER  [146510:726]:cpu  660292 10007 739576 115379110 14543 0 170834 0 0 0
READER  [146510:926]:cpu  660292 10007 739576 115379269 14543 0 170834 0 0 0
READER  [146511:127]:cpu  660294 10007 739578 115379426 14543 0 170834 0 0 0
ANALYZER[146511:217]:cpu  1.09 %
READER  [146511:327]:cpu  660296 10007 739582 115379576 14543 0 170836 0 0 0
READER  [146511:527]:cpu  660297 10007 739584 115379734 14543 0 170836 0 0 0
ANALYZER[146511:718]:cpu  2.35 %
READER  [146511:728]:cpu  660298 10007 739586 115379890 14543 0 170837 0 0 0
READER  [146511:928]:cpu  660298 10007 739586 115380048 14543 0 170837 0 0 0
READER  [146512:129]:cpu  660299 10007 739588 115380205 14543 0 170837 0 0 0
ANALYZER[146512:218]:cpu  1.56 %
READER  [146512:329]:cpu  660302 10007 739590 115380359 14543 0 170838 0 0 0
READER  [146512:530]:cpu  660308 10007 739594 115380508 14543 0 170839 0 0 0
ANALYZER[146512:718]:cpu  3.13 %
READER  [146512:730]:cpu  660308 10007 739596 115380665 14543 0 170839 0 0 0
READER  [146512:931]:cpu  660309 10007 739598 115380822 14543 0 170839 0 0 0
READER  [146513:131]:cpu  660310 10007 739600 115380977 14543 0 170840 0 0 0
ANALYZER[146513:218]:cpu  3.13 %
READER  [146513:332]:cpu  660311 10007 739603 115381130 14543 0 170841 0 0 0
READER  [146513:532]:cpu  660311 10007 739606 115381287 14543 0 170841 0 0 0
ANALYZER[146513:718]:cpu  2.35 %
READER  [146513:732]:cpu  660311 10007 739609 115381445 14543 0 170842 0 0 0
READER  [146513:932]:cpu  660311 10007 739609 115381604 14543 0 170842 0 0 0
READER  [146514:133]:cpu  660313 10007 739610 115381761 14543 0 170842 0 0 0
ANALYZER[146514:218]:cpu  1.56 %
READER  [146514:333]:cpu  660318 10008 739615 115381908 14546 0 170843 0 0 0
READER  [146514:534]:cpu  660318 10009 739618 115382060 14549 0 170844 0 0 0
ANALYZER[146514:719]:cpu  3.12 %
READER  [146514:734]:cpu  660318 10009 739618 115382218 14549 0 170844 0 0 0
READER  [146514:935]:cpu  660319 10009 739620 115382377 14549 0 170844 0 0 0
READER  [146515:135]:cpu  660320 10009 739621 115382534 14549 0 170844 0 0 0
ANALYZER[146515:219]:cpu  1.56 %
READER  [146515:335]:cpu  660322 10009 739624 115382687 14549 0 170845 0 0 0
READER  [146515:536]:cpu  660322 10009 739625 115382845 14549 0 170845 0 0 0
ANALYZER[146515:719]:cpu  1.88 %
READER  [146515:736]:cpu  660322 10009 739625 115383005 14549 0 170845 0 0 0
READER  [146515:937]:cpu  660322 10009 739625 115383164 14549 0 170845 0 0 0
READER  [146516:137]:cpu  660322 10009 739626 115383323 14549 0 170846 0 0 0
ANALYZER[146516:219]:cpu  0.47 %
READER  [146516:338]:cpu  660326 10009 739632 115383470 14549 0 170848 0 0 0
READER  [146516:538]:cpu  660327 10009 739634 115383628 14549 0 170848 0 0 0
ANALYZER[146516:719]:cpu  2.66 %
READER  [146516:738]:cpu  660328 10009 739635 115383785 14549 0 170849 0 0 0
READER  [146516:939]:cpu  660329 10009 739635 115383944 14549 0 170849 0 0 0
READER  [146517:139]:cpu  660329 10009 739636 115384104 14549 0 170849 0 0 0
ANALYZER[146517:219]:cpu  1.25 %
READER  [146517:340]:cpu  660338 10009 739641 115384251 14549 0 170850 0 0 0
READER  [146517:540]:cpu  660338 10009 739641 115384411 14549 0 170850 0 0 0
ANALYZER[146517:720]:cpu  2.64 %
READER  [146517:741]:cpu  660338 10009 739642 115384569 14549 0 170850 0 0 0
READER  [146517:941]:cpu  660338 10009 739642 115384729 14549 0 170850 0 0 0
READER  [146518:142]:cpu  660338 10009 739642 115384889 14549 0 170850 0 0 0
ANALYZER[146518:220]:cpu  0.16 %
READER  [146518:342]:cpu  660344 10009 739646 115385038 14549 0 170851 0 0 0
READER  [146518:543]:cpu  660344 10009 739647 115385196 14549 0 170851 0 0 0
ANALYZER[146518:720]:cpu  1.88 %
READER  [146518:743]:cpu  660344 10009 739647 115385356 14549 0 170851 0 0 0
READER  [146518:944]:cpu  660344 10009 739647 115385515 14549 0 170851 0 0 0
READER  [146519:144]:cpu  660347 10009 739650 115385667 14549 0 170851 0 0 0
ANALYZER[146519:220]:cpu  1.10 %
